<?xml version="1.0" encoding="UTF-8"?>
<!-- Generated by org.testng.reporters.JUnitXMLReporter -->
<testsuite ignored="0" hostname="thrymr-All-Series" failures="1" tests="1" name="Test" time="6.166" errors="0" timestamp="2024-12-05T19:29:29 IST">
  <testcase classname="qafox.testCases.ValidatingRegistration" name="validatereg" time="3.534">
    <failure type="java.lang.NullPointerException" message="Cannot invoke &amp;quot;org.openqa.selenium.WebElement.sendKeys(java.lang.CharSequence[])&amp;quot; because &amp;quot;this.firstName&amp;quot; is null">
      <![CDATA[java.lang.NullPointerException: Cannot invoke "org.openqa.selenium.WebElement.sendKeys(java.lang.CharSequence[])" because "this.firstName" is null
at qafox.pageObject.Registration.enter_firstname(Registration.java:44)
at qafox.testCases.ValidatingRegistration.validatereg(ValidatingRegistration.java:32)
at java.base/java.util.ArrayList.forEach(ArrayList.java:1596)
... Removed 25 stack frames]]>
    </failure>
  </testcase> <!-- validatereg -->
</testsuite> <!-- Test -->
